2025-09-01 12:00:02,056 [INFO] ==> spotpris.py startade
2025-09-01 12:00:02,058 [INFO] Försöker hämta priser från: https://www.elprisetjustnu.se/api/v1/prices/2025/09-01_SE3.json
2025-09-01 12:00:02,111 [INFO] Dagens priser hämtade framgångsrikt: [{'SEK_per_kWh': 0.50702, 'EUR_per_kWh': 0.04586, 'EXR': 11.055806, 'time_start': '2025-09-01T00:00:00+02:00', 'time_end': '2025-09-01T01:00:00+02:00'}, {'SEK_per_kWh': 0.49784, 'EUR_per_kWh': 0.04503, 'EXR': 11.055806, 'time_start': '2025-09-01T01:00:00+02:00', 'time_end': '2025-09-01T02:00:00+02:00'}] ...
2025-09-01 12:00:02,113 [INFO] ⏩ Skippad (fanns redan): 2025-09-01 00:00:00
2025-09-01 12:00:02,114 [INFO] ⏩ Skippad (fanns redan): 2025-09-01 01:00:00
2025-09-01 12:00:02,114 [INFO] ⏩ Skippad (fanns redan): 2025-09-01 02:00:00
2025-09-01 12:00:02,114 [INFO] ⏩ Skippad (fanns redan): 2025-09-01 03:00:00
2025-09-01 12:00:02,115 [INFO] ⏩ Skippad (fanns redan): 2025-09-01 04:00:00
2025-09-01 12:00:02,115 [INFO] ⏩ Skippad (fanns redan): 2025-09-01 05:00:00
2025-09-01 12:00:02,115 [INFO] ⏩ Skippad (fanns redan): 2025-09-01 06:00:00
2025-09-01 12:00:02,115 [INFO] ⏩ Skippad (fanns redan): 2025-09-01 07:00:00
2025-09-01 12:00:02,116 [INFO] ⏩ Skippad (fanns redan): 2025-09-01 08:00:00
2025-09-01 12:00:02,116 [INFO] ⏩ Skippad (fanns redan): 2025-09-01 09:00:00
2025-09-01 12:00:02,116 [INFO] ⏩ Skippad (fanns redan): 2025-09-01 10:00:00
2025-09-01 12:00:02,116 [INFO] ⏩ Skippad (fanns redan): 2025-09-01 11:00:00
2025-09-01 12:00:02,116 [INFO] ⏩ Skippad (fanns redan): 2025-09-01 12:00:00
2025-09-01 12:00:02,117 [INFO] ⏩ Skippad (fanns redan): 2025-09-01 13:00:00
2025-09-01 12:00:02,117 [INFO] ⏩ Skippad (fanns redan): 2025-09-01 14:00:00
2025-09-01 12:00:02,117 [INFO] ⏩ Skippad (fanns redan): 2025-09-01 15:00:00
2025-09-01 12:00:02,117 [INFO] ⏩ Skippad (fanns redan): 2025-09-01 16:00:00
2025-09-01 12:00:02,118 [INFO] ⏩ Skippad (fanns redan): 2025-09-01 17:00:00
2025-09-01 12:00:02,118 [INFO] ⏩ Skippad (fanns redan): 2025-09-01 18:00:00
2025-09-01 12:00:02,118 [INFO] ⏩ Skippad (fanns redan): 2025-09-01 19:00:00
2025-09-01 12:00:02,118 [INFO] ⏩ Skippad (fanns redan): 2025-09-01 20:00:00
2025-09-01 12:00:02,118 [INFO] ⏩ Skippad (fanns redan): 2025-09-01 21:00:00
2025-09-01 12:00:02,119 [WARNING] 🔁 Försöker med gårdagens data istället: 2025-08-31 00:00:00
2025-09-01 12:00:02,119 [INFO] Försöker hämta priser från: https://www.elprisetjustnu.se/api/v1/prices/2025/08-31_SE3.json
2025-09-01 12:00:02,178 [INFO] Dagens priser hämtade framgångsrikt: [{'SEK_per_kWh': 0.6011, 'EUR_per_kWh': 0.05437, 'EXR': 11.055806, 'time_start': '2025-08-31T00:00:00+02:00', 'time_end': '2025-08-31T01:00:00+02:00'}, {'SEK_per_kWh': 0.56274, 'EUR_per_kWh': 0.0509, 'EXR': 11.055806, 'time_start': '2025-08-31T01:00:00+02:00', 'time_end': '2025-08-31T02:00:00+02:00'}] ...
2025-09-01 12:00:02,183 [INFO] ⏩ Skippad (fanns redan): 2025-08-31 00:00:00
2025-09-01 12:00:02,187 [INFO] ⏩ Skippad (fanns redan): 2025-08-31 01:00:00
2025-09-01 12:00:02,190 [INFO] ⏩ Skippad (fanns redan): 2025-08-31 02:00:00
2025-09-01 12:00:02,190 [INFO] ⏩ Skippad (fanns redan): 2025-08-31 03:00:00
2025-09-01 12:00:02,191 [INFO] ⏩ Skippad (fanns redan): 2025-08-31 04:00:00
2025-09-01 12:00:02,191 [INFO] ⏩ Skippad (fanns redan): 2025-08-31 05:00:00
2025-09-01 12:00:02,192 [INFO] ⏩ Skippad (fanns redan): 2025-08-31 06:00:00
2025-09-01 12:00:02,192 [INFO] ⏩ Skippad (fanns redan): 2025-08-31 07:00:00
2025-09-01 12:00:02,192 [INFO] ⏩ Skippad (fanns redan): 2025-08-31 08:00:00
2025-09-01 12:00:02,193 [INFO] ⏩ Skippad (fanns redan): 2025-08-31 09:00:00
2025-09-01 12:00:02,193 [INFO] ⏩ Skippad (fanns redan): 2025-08-31 10:00:00
2025-09-01 12:00:02,193 [INFO] ⏩ Skippad (fanns redan): 2025-08-31 11:00:00
2025-09-01 12:00:02,194 [INFO] ⏩ Skippad (fanns redan): 2025-08-31 12:00:00
2025-09-01 12:00:02,194 [INFO] ⏩ Skippad (fanns redan): 2025-08-31 13:00:00
2025-09-01 12:00:02,198 [INFO] ⏩ Skippad (fanns redan): 2025-08-31 14:00:00
2025-09-01 12:00:02,206 [INFO] ⏩ Skippad (fanns redan): 2025-08-31 15:00:00
2025-09-01 12:00:02,207 [INFO] ⏩ Skippad (fanns redan): 2025-08-31 16:00:00
2025-09-01 12:00:02,209 [INFO] ⏩ Skippad (fanns redan): 2025-08-31 17:00:00
2025-09-01 12:00:02,209 [INFO] ⏩ Skippad (fanns redan): 2025-08-31 18:00:00
2025-09-01 12:00:02,210 [INFO] ⏩ Skippad (fanns redan): 2025-08-31 19:00:00
2025-09-01 12:00:02,211 [INFO] ⏩ Skippad (fanns redan): 2025-08-31 20:00:00
2025-09-01 12:00:02,211 [INFO] ⏩ Skippad (fanns redan): 2025-08-31 21:00:00
2025-09-01 12:00:02,211 [INFO] ✅ 0 priser sparade.
2025-09-01 12:00:02,211 [INFO] ==> spotpris.py klar
2025-09-01 12:00:02,811 [INFO] ==> spotpris.py startade
2025-09-01 12:00:02,813 [INFO] Försöker hämta priser från: https://www.elprisetjustnu.se/api/v1/prices/2025/09-01_SE3.json
2025-09-01 12:00:02,866 [INFO] Dagens priser hämtade framgångsrikt: [{'SEK_per_kWh': 0.50702, 'EUR_per_kWh': 0.04586, 'EXR': 11.055806, 'time_start': '2025-09-01T00:00:00+02:00', 'time_end': '2025-09-01T01:00:00+02:00'}, {'SEK_per_kWh': 0.49784, 'EUR_per_kWh': 0.04503, 'EXR': 11.055806, 'time_start': '2025-09-01T01:00:00+02:00', 'time_end': '2025-09-01T02:00:00+02:00'}] ...
2025-09-01 12:00:02,868 [INFO] ⏩ Skippad (fanns redan): 2025-09-01 00:00:00
2025-09-01 12:00:02,868 [INFO] ⏩ Skippad (fanns redan): 2025-09-01 01:00:00
2025-09-01 12:00:02,869 [INFO] ⏩ Skippad (fanns redan): 2025-09-01 02:00:00
2025-09-01 12:00:02,869 [INFO] ⏩ Skippad (fanns redan): 2025-09-01 03:00:00
2025-09-01 12:00:02,870 [INFO] ⏩ Skippad (fanns redan): 2025-09-01 04:00:00
2025-09-01 12:00:02,870 [INFO] ⏩ Skippad (fanns redan): 2025-09-01 05:00:00
2025-09-01 12:00:02,870 [INFO] ⏩ Skippad (fanns redan): 2025-09-01 06:00:00
2025-09-01 12:00:02,871 [INFO] ⏩ Skippad (fanns redan): 2025-09-01 07:00:00
2025-09-01 12:00:02,871 [INFO] ⏩ Skippad (fanns redan): 2025-09-01 08:00:00
2025-09-01 12:00:02,871 [INFO] ⏩ Skippad (fanns redan): 2025-09-01 09:00:00
2025-09-01 12:00:02,872 [INFO] ⏩ Skippad (fanns redan): 2025-09-01 10:00:00
2025-09-01 12:00:02,872 [INFO] ⏩ Skippad (fanns redan): 2025-09-01 11:00:00
2025-09-01 12:00:02,872 [INFO] ⏩ Skippad (fanns redan): 2025-09-01 12:00:00
2025-09-01 12:00:02,872 [INFO] ⏩ Skippad (fanns redan): 2025-09-01 13:00:00
2025-09-01 12:00:02,873 [INFO] ⏩ Skippad (fanns redan): 2025-09-01 14:00:00
2025-09-01 12:00:02,873 [INFO] ⏩ Skippad (fanns redan): 2025-09-01 15:00:00
2025-09-01 12:00:02,873 [INFO] ⏩ Skippad (fanns redan): 2025-09-01 16:00:00
2025-09-01 12:00:02,873 [INFO] ⏩ Skippad (fanns redan): 2025-09-01 17:00:00
2025-09-01 12:00:02,874 [INFO] ⏩ Skippad (fanns redan): 2025-09-01 18:00:00
2025-09-01 12:00:02,874 [INFO] ⏩ Skippad (fanns redan): 2025-09-01 19:00:00
2025-09-01 12:00:02,874 [INFO] ⏩ Skippad (fanns redan): 2025-09-01 20:00:00
2025-09-01 12:00:02,874 [INFO] ⏩ Skippad (fanns redan): 2025-09-01 21:00:00
2025-09-01 12:00:02,875 [WARNING] 🔁 Försöker med gårdagens data istället: 2025-08-31 00:00:00
2025-09-01 12:00:02,875 [INFO] Försöker hämta priser från: https://www.elprisetjustnu.se/api/v1/prices/2025/08-31_SE3.json
2025-09-01 12:00:02,925 [INFO] Dagens priser hämtade framgångsrikt: [{'SEK_per_kWh': 0.6011, 'EUR_per_kWh': 0.05437, 'EXR': 11.055806, 'time_start': '2025-08-31T00:00:00+02:00', 'time_end': '2025-08-31T01:00:00+02:00'}, {'SEK_per_kWh': 0.56274, 'EUR_per_kWh': 0.0509, 'EXR': 11.055806, 'time_start': '2025-08-31T01:00:00+02:00', 'time_end': '2025-08-31T02:00:00+02:00'}] ...
2025-09-01 12:00:02,927 [INFO] ⏩ Skippad (fanns redan): 2025-08-31 00:00:00
2025-09-01 12:00:02,928 [INFO] ⏩ Skippad (fanns redan): 2025-08-31 01:00:00
2025-09-01 12:00:02,928 [INFO] ⏩ Skippad (fanns redan): 2025-08-31 02:00:00
2025-09-01 12:00:02,929 [INFO] ⏩ Skippad (fanns redan): 2025-08-31 03:00:00
2025-09-01 12:00:02,929 [INFO] ⏩ Skippad (fanns redan): 2025-08-31 04:00:00
2025-09-01 12:00:02,930 [INFO] ⏩ Skippad (fanns redan): 2025-08-31 05:00:00
2025-09-01 12:00:02,930 [INFO] ⏩ Skippad (fanns redan): 2025-08-31 06:00:00
2025-09-01 12:00:02,931 [INFO] ⏩ Skippad (fanns redan): 2025-08-31 07:00:00
2025-09-01 12:00:02,931 [INFO] ⏩ Skippad (fanns redan): 2025-08-31 08:00:00
2025-09-01 12:00:02,932 [INFO] ⏩ Skippad (fanns redan): 2025-08-31 09:00:00
2025-09-01 12:00:02,932 [INFO] ⏩ Skippad (fanns redan): 2025-08-31 10:00:00
2025-09-01 12:00:02,933 [INFO] ⏩ Skippad (fanns redan): 2025-08-31 11:00:00
2025-09-01 12:00:02,933 [INFO] ⏩ Skippad (fanns redan): 2025-08-31 12:00:00
2025-09-01 12:00:02,934 [INFO] ⏩ Skippad (fanns redan): 2025-08-31 13:00:00
2025-09-01 12:00:02,934 [INFO] ⏩ Skippad (fanns redan): 2025-08-31 14:00:00
2025-09-01 12:00:02,935 [INFO] ⏩ Skippad (fanns redan): 2025-08-31 15:00:00
2025-09-01 12:00:02,935 [INFO] ⏩ Skippad (fanns redan): 2025-08-31 16:00:00
2025-09-01 12:00:02,936 [INFO] ⏩ Skippad (fanns redan): 2025-08-31 17:00:00
2025-09-01 12:00:02,936 [INFO] ⏩ Skippad (fanns redan): 2025-08-31 18:00:00
2025-09-01 12:00:02,937 [INFO] ⏩ Skippad (fanns redan): 2025-08-31 19:00:00
2025-09-01 12:00:02,938 [INFO] ⏩ Skippad (fanns redan): 2025-08-31 20:00:00
2025-09-01 12:00:02,938 [INFO] ⏩ Skippad (fanns redan): 2025-08-31 21:00:00
2025-09-01 12:00:02,939 [INFO] ✅ 0 priser sparade.
2025-09-01 12:00:02,939 [INFO] ==> spotpris.py klar
2025-09-01 13:00:00,967 [INFO] ==> spotpris.py startade
2025-09-01 13:00:00,968 [INFO] Försöker hämta priser från: https://www.elprisetjustnu.se/api/v1/prices/2025/09-01_SE3.json
2025-09-01 13:00:01,026 [INFO] Dagens priser hämtade framgångsrikt: [{'SEK_per_kWh': 0.50702, 'EUR_per_kWh': 0.04586, 'EXR': 11.055806, 'time_start': '2025-09-01T00:00:00+02:00', 'time_end': '2025-09-01T01:00:00+02:00'}, {'SEK_per_kWh': 0.49784, 'EUR_per_kWh': 0.04503, 'EXR': 11.055806, 'time_start': '2025-09-01T01:00:00+02:00', 'time_end': '2025-09-01T02:00:00+02:00'}] ...
2025-09-01 13:00:01,028 [INFO] ⏩ Skippad (fanns redan): 2025-09-01 00:00:00
2025-09-01 13:00:01,028 [INFO] ⏩ Skippad (fanns redan): 2025-09-01 01:00:00
2025-09-01 13:00:01,028 [INFO] ⏩ Skippad (fanns redan): 2025-09-01 02:00:00
2025-09-01 13:00:01,029 [INFO] ⏩ Skippad (fanns redan): 2025-09-01 03:00:00
2025-09-01 13:00:01,029 [INFO] ⏩ Skippad (fanns redan): 2025-09-01 04:00:00
2025-09-01 13:00:01,029 [INFO] ⏩ Skippad (fanns redan): 2025-09-01 05:00:00
2025-09-01 13:00:01,029 [INFO] ⏩ Skippad (fanns redan): 2025-09-01 06:00:00
2025-09-01 13:00:01,030 [INFO] ⏩ Skippad (fanns redan): 2025-09-01 07:00:00
2025-09-01 13:00:01,030 [INFO] ⏩ Skippad (fanns redan): 2025-09-01 08:00:00
2025-09-01 13:00:01,030 [INFO] ⏩ Skippad (fanns redan): 2025-09-01 09:00:00
2025-09-01 13:00:01,030 [INFO] ⏩ Skippad (fanns redan): 2025-09-01 10:00:00
2025-09-01 13:00:01,030 [INFO] ⏩ Skippad (fanns redan): 2025-09-01 11:00:00
2025-09-01 13:00:01,031 [INFO] ⏩ Skippad (fanns redan): 2025-09-01 12:00:00
2025-09-01 13:00:01,031 [INFO] ⏩ Skippad (fanns redan): 2025-09-01 13:00:00
2025-09-01 13:00:01,031 [INFO] ⏩ Skippad (fanns redan): 2025-09-01 14:00:00
2025-09-01 13:00:01,031 [INFO] ⏩ Skippad (fanns redan): 2025-09-01 15:00:00
2025-09-01 13:00:01,032 [INFO] ⏩ Skippad (fanns redan): 2025-09-01 16:00:00
2025-09-01 13:00:01,032 [INFO] ⏩ Skippad (fanns redan): 2025-09-01 17:00:00
2025-09-01 13:00:01,032 [INFO] ⏩ Skippad (fanns redan): 2025-09-01 18:00:00
2025-09-01 13:00:01,032 [INFO] ⏩ Skippad (fanns redan): 2025-09-01 19:00:00
2025-09-01 13:00:01,032 [INFO] ⏩ Skippad (fanns redan): 2025-09-01 20:00:00
2025-09-01 13:00:01,033 [INFO] ⏩ Skippad (fanns redan): 2025-09-01 21:00:00
2025-09-01 13:00:01,033 [WARNING] 🔁 Försöker med gårdagens data istället: 2025-08-31 00:00:00
2025-09-01 13:00:01,033 [INFO] Försöker hämta priser från: https://www.elprisetjustnu.se/api/v1/prices/2025/08-31_SE3.json
2025-09-01 13:00:01,081 [INFO] Dagens priser hämtade framgångsrikt: [{'SEK_per_kWh': 0.6011, 'EUR_per_kWh': 0.05437, 'EXR': 11.055806, 'time_start': '2025-08-31T00:00:00+02:00', 'time_end': '2025-08-31T01:00:00+02:00'}, {'SEK_per_kWh': 0.56274, 'EUR_per_kWh': 0.0509, 'EXR': 11.055806, 'time_start': '2025-08-31T01:00:00+02:00', 'time_end': '2025-08-31T02:00:00+02:00'}] ...
2025-09-01 13:00:01,083 [INFO] ⏩ Skippad (fanns redan): 2025-08-31 00:00:00
2025-09-01 13:00:01,083 [INFO] ⏩ Skippad (fanns redan): 2025-08-31 01:00:00
2025-09-01 13:00:01,083 [INFO] ⏩ Skippad (fanns redan): 2025-08-31 02:00:00
2025-09-01 13:00:01,084 [INFO] ⏩ Skippad (fanns redan): 2025-08-31 03:00:00
2025-09-01 13:00:01,084 [INFO] ⏩ Skippad (fanns redan): 2025-08-31 04:00:00
2025-09-01 13:00:01,084 [INFO] ⏩ Skippad (fanns redan): 2025-08-31 05:00:00
2025-09-01 13:00:01,084 [INFO] ⏩ Skippad (fanns redan): 2025-08-31 06:00:00
2025-09-01 13:00:01,084 [INFO] ⏩ Skippad (fanns redan): 2025-08-31 07:00:00
2025-09-01 13:00:01,085 [INFO] ⏩ Skippad (fanns redan): 2025-08-31 08:00:00
2025-09-01 13:00:01,085 [INFO] ⏩ Skippad (fanns redan): 2025-08-31 09:00:00
2025-09-01 13:00:01,085 [INFO] ⏩ Skippad (fanns redan): 2025-08-31 10:00:00
2025-09-01 13:00:01,085 [INFO] ⏩ Skippad (fanns redan): 2025-08-31 11:00:00
2025-09-01 13:00:01,086 [INFO] ⏩ Skippad (fanns redan): 2025-08-31 12:00:00
2025-09-01 13:00:01,086 [INFO] ⏩ Skippad (fanns redan): 2025-08-31 13:00:00
2025-09-01 13:00:01,086 [INFO] ⏩ Skippad (fanns redan): 2025-08-31 14:00:00
2025-09-01 13:00:01,086 [INFO] ⏩ Skippad (fanns redan): 2025-08-31 15:00:00
2025-09-01 13:00:01,086 [INFO] ⏩ Skippad (fanns redan): 2025-08-31 16:00:00
2025-09-01 13:00:01,087 [INFO] ⏩ Skippad (fanns redan): 2025-08-31 17:00:00
2025-09-01 13:00:01,087 [INFO] ⏩ Skippad (fanns redan): 2025-08-31 18:00:00
2025-09-01 13:00:01,087 [INFO] ⏩ Skippad (fanns redan): 2025-08-31 19:00:00
2025-09-01 13:00:01,087 [INFO] ⏩ Skippad (fanns redan): 2025-08-31 20:00:00
2025-09-01 13:00:01,087 [INFO] ⏩ Skippad (fanns redan): 2025-08-31 21:00:00
2025-09-01 13:00:01,088 [INFO] ✅ 0 priser sparade.
2025-09-01 13:00:01,088 [INFO] ==> spotpris.py klar
2025-09-01 13:00:01,485 [INFO] ==> spotpris.py startade
2025-09-01 13:00:01,486 [INFO] Försöker hämta priser från: https://www.elprisetjustnu.se/api/v1/prices/2025/09-01_SE3.json
2025-09-01 13:00:01,545 [INFO] Dagens priser hämtade framgångsrikt: [{'SEK_per_kWh': 0.50702, 'EUR_per_kWh': 0.04586, 'EXR': 11.055806, 'time_start': '2025-09-01T00:00:00+02:00', 'time_end': '2025-09-01T01:00:00+02:00'}, {'SEK_per_kWh': 0.49784, 'EUR_per_kWh': 0.04503, 'EXR': 11.055806, 'time_start': '2025-09-01T01:00:00+02:00', 'time_end': '2025-09-01T02:00:00+02:00'}] ...
2025-09-01 13:00:01,547 [INFO] ⏩ Skippad (fanns redan): 2025-09-01 00:00:00
2025-09-01 13:00:01,547 [INFO] ⏩ Skippad (fanns redan): 2025-09-01 01:00:00
2025-09-01 13:00:01,547 [INFO] ⏩ Skippad (fanns redan): 2025-09-01 02:00:00
2025-09-01 13:00:01,548 [INFO] ⏩ Skippad (fanns redan): 2025-09-01 03:00:00
2025-09-01 13:00:01,548 [INFO] ⏩ Skippad (fanns redan): 2025-09-01 04:00:00
2025-09-01 13:00:01,548 [INFO] ⏩ Skippad (fanns redan): 2025-09-01 05:00:00
2025-09-01 13:00:01,548 [INFO] ⏩ Skippad (fanns redan): 2025-09-01 06:00:00
2025-09-01 13:00:01,548 [INFO] ⏩ Skippad (fanns redan): 2025-09-01 07:00:00
2025-09-01 13:00:01,549 [INFO] ⏩ Skippad (fanns redan): 2025-09-01 08:00:00
2025-09-01 13:00:01,549 [INFO] ⏩ Skippad (fanns redan): 2025-09-01 09:00:00
2025-09-01 13:00:01,549 [INFO] ⏩ Skippad (fanns redan): 2025-09-01 10:00:00
2025-09-01 13:00:01,549 [INFO] ⏩ Skippad (fanns redan): 2025-09-01 11:00:00
2025-09-01 13:00:01,549 [INFO] ⏩ Skippad (fanns redan): 2025-09-01 12:00:00
2025-09-01 13:00:01,550 [INFO] ⏩ Skippad (fanns redan): 2025-09-01 13:00:00
2025-09-01 13:00:01,550 [INFO] ⏩ Skippad (fanns redan): 2025-09-01 14:00:00
2025-09-01 13:00:01,550 [INFO] ⏩ Skippad (fanns redan): 2025-09-01 15:00:00
2025-09-01 13:00:01,550 [INFO] ⏩ Skippad (fanns redan): 2025-09-01 16:00:00
2025-09-01 13:00:01,550 [INFO] ⏩ Skippad (fanns redan): 2025-09-01 17:00:00
2025-09-01 13:00:01,550 [INFO] ⏩ Skippad (fanns redan): 2025-09-01 18:00:00
2025-09-01 13:00:01,551 [INFO] ⏩ Skippad (fanns redan): 2025-09-01 19:00:00
2025-09-01 13:00:01,551 [INFO] ⏩ Skippad (fanns redan): 2025-09-01 20:00:00
2025-09-01 13:00:01,551 [INFO] ⏩ Skippad (fanns redan): 2025-09-01 21:00:00
2025-09-01 13:00:01,551 [WARNING] 🔁 Försöker med gårdagens data istället: 2025-08-31 00:00:00
2025-09-01 13:00:01,551 [INFO] Försöker hämta priser från: https://www.elprisetjustnu.se/api/v1/prices/2025/08-31_SE3.json
2025-09-01 13:00:01,616 [INFO] Dagens priser hämtade framgångsrikt: [{'SEK_per_kWh': 0.6011, 'EUR_per_kWh': 0.05437, 'EXR': 11.055806, 'time_start': '2025-08-31T00:00:00+02:00', 'time_end': '2025-08-31T01:00:00+02:00'}, {'SEK_per_kWh': 0.56274, 'EUR_per_kWh': 0.0509, 'EXR': 11.055806, 'time_start': '2025-08-31T01:00:00+02:00', 'time_end': '2025-08-31T02:00:00+02:00'}] ...
2025-09-01 13:00:01,617 [INFO] ⏩ Skippad (fanns redan): 2025-08-31 00:00:00
2025-09-01 13:00:01,617 [INFO] ⏩ Skippad (fanns redan): 2025-08-31 01:00:00
2025-09-01 13:00:01,618 [INFO] ⏩ Skippad (fanns redan): 2025-08-31 02:00:00
2025-09-01 13:00:01,618 [INFO] ⏩ Skippad (fanns redan): 2025-08-31 03:00:00
2025-09-01 13:00:01,618 [INFO] ⏩ Skippad (fanns redan): 2025-08-31 04:00:00
2025-09-01 13:00:01,618 [INFO] ⏩ Skippad (fanns redan): 2025-08-31 05:00:00
2025-09-01 13:00:01,618 [INFO] ⏩ Skippad (fanns redan): 2025-08-31 06:00:00
2025-09-01 13:00:01,618 [INFO] ⏩ Skippad (fanns redan): 2025-08-31 07:00:00
2025-09-01 13:00:01,618 [INFO] ⏩ Skippad (fanns redan): 2025-08-31 08:00:00
2025-09-01 13:00:01,619 [INFO] ⏩ Skippad (fanns redan): 2025-08-31 09:00:00
2025-09-01 13:00:01,619 [INFO] ⏩ Skippad (fanns redan): 2025-08-31 10:00:00
2025-09-01 13:00:01,619 [INFO] ⏩ Skippad (fanns redan): 2025-08-31 11:00:00
2025-09-01 13:00:01,619 [INFO] ⏩ Skippad (fanns redan): 2025-08-31 12:00:00
2025-09-01 13:00:01,619 [INFO] ⏩ Skippad (fanns redan): 2025-08-31 13:00:00
2025-09-01 13:00:01,619 [INFO] ⏩ Skippad (fanns redan): 2025-08-31 14:00:00
2025-09-01 13:00:01,619 [INFO] ⏩ Skippad (fanns redan): 2025-08-31 15:00:00
2025-09-01 13:00:01,620 [INFO] ⏩ Skippad (fanns redan): 2025-08-31 16:00:00
2025-09-01 13:00:01,620 [INFO] ⏩ Skippad (fanns redan): 2025-08-31 17:00:00
2025-09-01 13:00:01,620 [INFO] ⏩ Skippad (fanns redan): 2025-08-31 18:00:00
2025-09-01 13:00:01,620 [INFO] ⏩ Skippad (fanns redan): 2025-08-31 19:00:00
2025-09-01 13:00:01,620 [INFO] ⏩ Skippad (fanns redan): 2025-08-31 20:00:00
2025-09-01 13:00:01,620 [INFO] ⏩ Skippad (fanns redan): 2025-08-31 21:00:00
2025-09-01 13:00:01,621 [INFO] ✅ 0 priser sparade.
2025-09-01 13:00:01,621 [INFO] ==> spotpris.py klar
2025-09-01 14:00:01,937 [INFO] ==> spotpris.py startade
2025-09-01 14:00:01,938 [INFO] Försöker hämta priser från: https://www.elprisetjustnu.se/api/v1/prices/2025/09-01_SE3.json
2025-09-01 14:00:01,999 [INFO] Dagens priser hämtade framgångsrikt: [{'SEK_per_kWh': 0.50702, 'EUR_per_kWh': 0.04586, 'EXR': 11.055806, 'time_start': '2025-09-01T00:00:00+02:00', 'time_end': '2025-09-01T01:00:00+02:00'}, {'SEK_per_kWh': 0.49784, 'EUR_per_kWh': 0.04503, 'EXR': 11.055806, 'time_start': '2025-09-01T01:00:00+02:00', 'time_end': '2025-09-01T02:00:00+02:00'}] ...
2025-09-01 14:00:02,000 [INFO] ⏩ Skippad (fanns redan): 2025-09-01 00:00:00
2025-09-01 14:00:02,000 [INFO] ⏩ Skippad (fanns redan): 2025-09-01 01:00:00
2025-09-01 14:00:02,001 [INFO] ⏩ Skippad (fanns redan): 2025-09-01 02:00:00
2025-09-01 14:00:02,001 [INFO] ⏩ Skippad (fanns redan): 2025-09-01 03:00:00
2025-09-01 14:00:02,001 [INFO] ⏩ Skippad (fanns redan): 2025-09-01 04:00:00
2025-09-01 14:00:02,001 [INFO] ⏩ Skippad (fanns redan): 2025-09-01 05:00:00
2025-09-01 14:00:02,002 [INFO] ⏩ Skippad (fanns redan): 2025-09-01 06:00:00
2025-09-01 14:00:02,002 [INFO] ⏩ Skippad (fanns redan): 2025-09-01 07:00:00
2025-09-01 14:00:02,002 [INFO] ⏩ Skippad (fanns redan): 2025-09-01 08:00:00
2025-09-01 14:00:02,002 [INFO] ⏩ Skippad (fanns redan): 2025-09-01 09:00:00
2025-09-01 14:00:02,002 [INFO] ⏩ Skippad (fanns redan): 2025-09-01 10:00:00
2025-09-01 14:00:02,002 [INFO] ⏩ Skippad (fanns redan): 2025-09-01 11:00:00
2025-09-01 14:00:02,003 [INFO] ⏩ Skippad (fanns redan): 2025-09-01 12:00:00
2025-09-01 14:00:02,003 [INFO] ⏩ Skippad (fanns redan): 2025-09-01 13:00:00
2025-09-01 14:00:02,003 [INFO] ⏩ Skippad (fanns redan): 2025-09-01 14:00:00
2025-09-01 14:00:02,003 [INFO] ⏩ Skippad (fanns redan): 2025-09-01 15:00:00
2025-09-01 14:00:02,003 [INFO] ⏩ Skippad (fanns redan): 2025-09-01 16:00:00
2025-09-01 14:00:02,003 [INFO] ⏩ Skippad (fanns redan): 2025-09-01 17:00:00
2025-09-01 14:00:02,004 [INFO] ⏩ Skippad (fanns redan): 2025-09-01 18:00:00
2025-09-01 14:00:02,004 [INFO] ⏩ Skippad (fanns redan): 2025-09-01 19:00:00
2025-09-01 14:00:02,004 [INFO] ⏩ Skippad (fanns redan): 2025-09-01 20:00:00
2025-09-01 14:00:02,004 [INFO] ⏩ Skippad (fanns redan): 2025-09-01 21:00:00
2025-09-01 14:00:02,004 [WARNING] 🔁 Försöker med gårdagens data istället: 2025-08-31 00:00:00
2025-09-01 14:00:02,004 [INFO] Försöker hämta priser från: https://www.elprisetjustnu.se/api/v1/prices/2025/08-31_SE3.json
2025-09-01 14:00:02,055 [INFO] Dagens priser hämtade framgångsrikt: [{'SEK_per_kWh': 0.6011, 'EUR_per_kWh': 0.05437, 'EXR': 11.055806, 'time_start': '2025-08-31T00:00:00+02:00', 'time_end': '2025-08-31T01:00:00+02:00'}, {'SEK_per_kWh': 0.56274, 'EUR_per_kWh': 0.0509, 'EXR': 11.055806, 'time_start': '2025-08-31T01:00:00+02:00', 'time_end': '2025-08-31T02:00:00+02:00'}] ...
2025-09-01 14:00:02,056 [INFO] ⏩ Skippad (fanns redan): 2025-08-31 00:00:00
2025-09-01 14:00:02,057 [INFO] ⏩ Skippad (fanns redan): 2025-08-31 01:00:00
2025-09-01 14:00:02,057 [INFO] ⏩ Skippad (fanns redan): 2025-08-31 02:00:00
2025-09-01 14:00:02,057 [INFO] ⏩ Skippad (fanns redan): 2025-08-31 03:00:00
2025-09-01 14:00:02,057 [INFO] ⏩ Skippad (fanns redan): 2025-08-31 04:00:00
2025-09-01 14:00:02,058 [INFO] ⏩ Skippad (fanns redan): 2025-08-31 05:00:00
2025-09-01 14:00:02,058 [INFO] ⏩ Skippad (fanns redan): 2025-08-31 06:00:00
2025-09-01 14:00:02,058 [INFO] ⏩ Skippad (fanns redan): 2025-08-31 07:00:00
2025-09-01 14:00:02,058 [INFO] ⏩ Skippad (fanns redan): 2025-08-31 08:00:00
2025-09-01 14:00:02,059 [INFO] ⏩ Skippad (fanns redan): 2025-08-31 09:00:00
2025-09-01 14:00:02,059 [INFO] ⏩ Skippad (fanns redan): 2025-08-31 10:00:00
2025-09-01 14:00:02,059 [INFO] ⏩ Skippad (fanns redan): 2025-08-31 11:00:00
2025-09-01 14:00:02,059 [INFO] ⏩ Skippad (fanns redan): 2025-08-31 12:00:00
2025-09-01 14:00:02,060 [INFO] ⏩ Skippad (fanns redan): 2025-08-31 13:00:00
2025-09-01 14:00:02,060 [INFO] ⏩ Skippad (fanns redan): 2025-08-31 14:00:00
2025-09-01 14:00:02,060 [INFO] ⏩ Skippad (fanns redan): 2025-08-31 15:00:00
2025-09-01 14:00:02,060 [INFO] ⏩ Skippad (fanns redan): 2025-08-31 16:00:00
2025-09-01 14:00:02,061 [INFO] ⏩ Skippad (fanns redan): 2025-08-31 17:00:00
2025-09-01 14:00:02,061 [INFO] ⏩ Skippad (fanns redan): 2025-08-31 18:00:00
2025-09-01 14:00:02,061 [INFO] ⏩ Skippad (fanns redan): 2025-08-31 19:00:00
2025-09-01 14:00:02,061 [INFO] ⏩ Skippad (fanns redan): 2025-08-31 20:00:00
2025-09-01 14:00:02,062 [INFO] ⏩ Skippad (fanns redan): 2025-08-31 21:00:00
2025-09-01 14:00:02,062 [INFO] ✅ 0 priser sparade.
2025-09-01 14:00:02,062 [INFO] ==> spotpris.py klar
2025-09-01 14:00:02,791 [INFO] ==> spotpris.py startade
2025-09-01 14:00:02,792 [INFO] Försöker hämta priser från: https://www.elprisetjustnu.se/api/v1/prices/2025/09-01_SE3.json
2025-09-01 14:00:02,842 [INFO] Dagens priser hämtade framgångsrikt: [{'SEK_per_kWh': 0.50702, 'EUR_per_kWh': 0.04586, 'EXR': 11.055806, 'time_start': '2025-09-01T00:00:00+02:00', 'time_end': '2025-09-01T01:00:00+02:00'}, {'SEK_per_kWh': 0.49784, 'EUR_per_kWh': 0.04503, 'EXR': 11.055806, 'time_start': '2025-09-01T01:00:00+02:00', 'time_end': '2025-09-01T02:00:00+02:00'}] ...
2025-09-01 14:00:02,844 [INFO] ⏩ Skippad (fanns redan): 2025-09-01 00:00:00
2025-09-01 14:00:02,845 [INFO] ⏩ Skippad (fanns redan): 2025-09-01 01:00:00
2025-09-01 14:00:02,845 [INFO] ⏩ Skippad (fanns redan): 2025-09-01 02:00:00
2025-09-01 14:00:02,845 [INFO] ⏩ Skippad (fanns redan): 2025-09-01 03:00:00
2025-09-01 14:00:02,845 [INFO] ⏩ Skippad (fanns redan): 2025-09-01 04:00:00
2025-09-01 14:00:02,846 [INFO] ⏩ Skippad (fanns redan): 2025-09-01 05:00:00
2025-09-01 14:00:02,846 [INFO] ⏩ Skippad (fanns redan): 2025-09-01 06:00:00
2025-09-01 14:00:02,846 [INFO] ⏩ Skippad (fanns redan): 2025-09-01 07:00:00
2025-09-01 14:00:02,846 [INFO] ⏩ Skippad (fanns redan): 2025-09-01 08:00:00
2025-09-01 14:00:02,847 [INFO] ⏩ Skippad (fanns redan): 2025-09-01 09:00:00
2025-09-01 14:00:02,847 [INFO] ⏩ Skippad (fanns redan): 2025-09-01 10:00:00
2025-09-01 14:00:02,847 [INFO] ⏩ Skippad (fanns redan): 2025-09-01 11:00:00
2025-09-01 14:00:02,847 [INFO] ⏩ Skippad (fanns redan): 2025-09-01 12:00:00
2025-09-01 14:00:02,847 [INFO] ⏩ Skippad (fanns redan): 2025-09-01 13:00:00
2025-09-01 14:00:02,848 [INFO] ⏩ Skippad (fanns redan): 2025-09-01 14:00:00
2025-09-01 14:00:02,848 [INFO] ⏩ Skippad (fanns redan): 2025-09-01 15:00:00
2025-09-01 14:00:02,848 [INFO] ⏩ Skippad (fanns redan): 2025-09-01 16:00:00
2025-09-01 14:00:02,848 [INFO] ⏩ Skippad (fanns redan): 2025-09-01 17:00:00
2025-09-01 14:00:02,849 [INFO] ⏩ Skippad (fanns redan): 2025-09-01 18:00:00
2025-09-01 14:00:02,849 [INFO] ⏩ Skippad (fanns redan): 2025-09-01 19:00:00
2025-09-01 14:00:02,849 [INFO] ⏩ Skippad (fanns redan): 2025-09-01 20:00:00
2025-09-01 14:00:02,849 [INFO] ⏩ Skippad (fanns redan): 2025-09-01 21:00:00
2025-09-01 14:00:02,849 [WARNING] 🔁 Försöker med gårdagens data istället: 2025-08-31 00:00:00
2025-09-01 14:00:02,850 [INFO] Försöker hämta priser från: https://www.elprisetjustnu.se/api/v1/prices/2025/08-31_SE3.json
2025-09-01 14:00:02,896 [INFO] Dagens priser hämtade framgångsrikt: [{'SEK_per_kWh': 0.6011, 'EUR_per_kWh': 0.05437, 'EXR': 11.055806, 'time_start': '2025-08-31T00:00:00+02:00', 'time_end': '2025-08-31T01:00:00+02:00'}, {'SEK_per_kWh': 0.56274, 'EUR_per_kWh': 0.0509, 'EXR': 11.055806, 'time_start': '2025-08-31T01:00:00+02:00', 'time_end': '2025-08-31T02:00:00+02:00'}] ...
2025-09-01 14:00:02,898 [INFO] ⏩ Skippad (fanns redan): 2025-08-31 00:00:00
2025-09-01 14:00:02,898 [INFO] ⏩ Skippad (fanns redan): 2025-08-31 01:00:00
2025-09-01 14:00:02,899 [INFO] ⏩ Skippad (fanns redan): 2025-08-31 02:00:00
2025-09-01 14:00:02,899 [INFO] ⏩ Skippad (fanns redan): 2025-08-31 03:00:00
2025-09-01 14:00:02,899 [INFO] ⏩ Skippad (fanns redan): 2025-08-31 04:00:00
2025-09-01 14:00:02,900 [INFO] ⏩ Skippad (fanns redan): 2025-08-31 05:00:00
2025-09-01 14:00:02,900 [INFO] ⏩ Skippad (fanns redan): 2025-08-31 06:00:00
2025-09-01 14:00:02,900 [INFO] ⏩ Skippad (fanns redan): 2025-08-31 07:00:00
2025-09-01 14:00:02,901 [INFO] ⏩ Skippad (fanns redan): 2025-08-31 08:00:00
2025-09-01 14:00:02,901 [INFO] ⏩ Skippad (fanns redan): 2025-08-31 09:00:00
2025-09-01 14:00:02,901 [INFO] ⏩ Skippad (fanns redan): 2025-08-31 10:00:00
2025-09-01 14:00:02,902 [INFO] ⏩ Skippad (fanns redan): 2025-08-31 11:00:00
2025-09-01 14:00:02,902 [INFO] ⏩ Skippad (fanns redan): 2025-08-31 12:00:00
2025-09-01 14:00:02,902 [INFO] ⏩ Skippad (fanns redan): 2025-08-31 13:00:00
2025-09-01 14:00:02,903 [INFO] ⏩ Skippad (fanns redan): 2025-08-31 14:00:00
2025-09-01 14:00:02,903 [INFO] ⏩ Skippad (fanns redan): 2025-08-31 15:00:00
2025-09-01 14:00:02,904 [INFO] ⏩ Skippad (fanns redan): 2025-08-31 16:00:00
2025-09-01 14:00:02,904 [INFO] ⏩ Skippad (fanns redan): 2025-08-31 17:00:00
2025-09-01 14:00:02,904 [INFO] ⏩ Skippad (fanns redan): 2025-08-31 18:00:00
2025-09-01 14:00:02,905 [INFO] ⏩ Skippad (fanns redan): 2025-08-31 19:00:00
2025-09-01 14:00:02,905 [INFO] ⏩ Skippad (fanns redan): 2025-08-31 20:00:00
2025-09-01 14:00:02,905 [INFO] ⏩ Skippad (fanns redan): 2025-08-31 21:00:00
2025-09-01 14:00:02,906 [INFO] ✅ 0 priser sparade.
2025-09-01 14:00:02,906 [INFO] ==> spotpris.py klar
2025-09-01 15:00:00,583 [INFO] ==> spotpris.py startade
2025-09-01 15:00:00,584 [INFO] Försöker hämta priser från: https://www.elprisetjustnu.se/api/v1/prices/2025/09-01_SE3.json
2025-09-01 15:00:00,641 [INFO] Dagens priser hämtade framgångsrikt: [{'SEK_per_kWh': 0.50702, 'EUR_per_kWh': 0.04586, 'EXR': 11.055806, 'time_start': '2025-09-01T00:00:00+02:00', 'time_end': '2025-09-01T01:00:00+02:00'}, {'SEK_per_kWh': 0.49784, 'EUR_per_kWh': 0.04503, 'EXR': 11.055806, 'time_start': '2025-09-01T01:00:00+02:00', 'time_end': '2025-09-01T02:00:00+02:00'}] ...
2025-09-01 15:00:00,643 [INFO] ⏩ Skippad (fanns redan): 2025-09-01 00:00:00
2025-09-01 15:00:00,643 [INFO] ⏩ Skippad (fanns redan): 2025-09-01 01:00:00
2025-09-01 15:00:00,643 [INFO] ⏩ Skippad (fanns redan): 2025-09-01 02:00:00
2025-09-01 15:00:00,643 [INFO] ⏩ Skippad (fanns redan): 2025-09-01 03:00:00
2025-09-01 15:00:00,643 [INFO] ⏩ Skippad (fanns redan): 2025-09-01 04:00:00
2025-09-01 15:00:00,644 [INFO] ⏩ Skippad (fanns redan): 2025-09-01 05:00:00
2025-09-01 15:00:00,644 [INFO] ⏩ Skippad (fanns redan): 2025-09-01 06:00:00
2025-09-01 15:00:00,644 [INFO] ⏩ Skippad (fanns redan): 2025-09-01 07:00:00
2025-09-01 15:00:00,644 [INFO] ⏩ Skippad (fanns redan): 2025-09-01 08:00:00
2025-09-01 15:00:00,644 [INFO] ⏩ Skippad (fanns redan): 2025-09-01 09:00:00
2025-09-01 15:00:00,644 [INFO] ⏩ Skippad (fanns redan): 2025-09-01 10:00:00
2025-09-01 15:00:00,645 [INFO] ⏩ Skippad (fanns redan): 2025-09-01 11:00:00
2025-09-01 15:00:00,645 [INFO] ⏩ Skippad (fanns redan): 2025-09-01 12:00:00
2025-09-01 15:00:00,645 [INFO] ⏩ Skippad (fanns redan): 2025-09-01 13:00:00
2025-09-01 15:00:00,645 [INFO] ⏩ Skippad (fanns redan): 2025-09-01 14:00:00
2025-09-01 15:00:00,645 [INFO] ⏩ Skippad (fanns redan): 2025-09-01 15:00:00
2025-09-01 15:00:00,645 [INFO] ⏩ Skippad (fanns redan): 2025-09-01 16:00:00
2025-09-01 15:00:00,645 [INFO] ⏩ Skippad (fanns redan): 2025-09-01 17:00:00
2025-09-01 15:00:00,646 [INFO] ⏩ Skippad (fanns redan): 2025-09-01 18:00:00
2025-09-01 15:00:00,646 [INFO] ⏩ Skippad (fanns redan): 2025-09-01 19:00:00
2025-09-01 15:00:00,646 [INFO] ⏩ Skippad (fanns redan): 2025-09-01 20:00:00
2025-09-01 15:00:00,646 [INFO] ⏩ Skippad (fanns redan): 2025-09-01 21:00:00
2025-09-01 15:00:00,646 [WARNING] 🔁 Försöker med gårdagens data istället: 2025-08-31 00:00:00
2025-09-01 15:00:00,646 [INFO] Försöker hämta priser från: https://www.elprisetjustnu.se/api/v1/prices/2025/08-31_SE3.json
2025-09-01 15:00:00,700 [INFO] Dagens priser hämtade framgångsrikt: [{'SEK_per_kWh': 0.6011, 'EUR_per_kWh': 0.05437, 'EXR': 11.055806, 'time_start': '2025-08-31T00:00:00+02:00', 'time_end': '2025-08-31T01:00:00+02:00'}, {'SEK_per_kWh': 0.56274, 'EUR_per_kWh': 0.0509, 'EXR': 11.055806, 'time_start': '2025-08-31T01:00:00+02:00', 'time_end': '2025-08-31T02:00:00+02:00'}] ...
2025-09-01 15:00:00,701 [INFO] ⏩ Skippad (fanns redan): 2025-08-31 00:00:00
2025-09-01 15:00:00,701 [INFO] ⏩ Skippad (fanns redan): 2025-08-31 01:00:00
2025-09-01 15:00:00,702 [INFO] ⏩ Skippad (fanns redan): 2025-08-31 02:00:00
2025-09-01 15:00:00,702 [INFO] ⏩ Skippad (fanns redan): 2025-08-31 03:00:00
2025-09-01 15:00:00,702 [INFO] ⏩ Skippad (fanns redan): 2025-08-31 04:00:00
2025-09-01 15:00:00,702 [INFO] ⏩ Skippad (fanns redan): 2025-08-31 05:00:00
2025-09-01 15:00:00,702 [INFO] ⏩ Skippad (fanns redan): 2025-08-31 06:00:00
2025-09-01 15:00:00,703 [INFO] ⏩ Skippad (fanns redan): 2025-08-31 07:00:00
2025-09-01 15:00:00,703 [INFO] ⏩ Skippad (fanns redan): 2025-08-31 08:00:00
2025-09-01 15:00:00,703 [INFO] ⏩ Skippad (fanns redan): 2025-08-31 09:00:00
2025-09-01 15:00:00,704 [INFO] ⏩ Skippad (fanns redan): 2025-08-31 10:00:00
2025-09-01 15:00:00,704 [INFO] ⏩ Skippad (fanns redan): 2025-08-31 11:00:00
2025-09-01 15:00:00,704 [INFO] ⏩ Skippad (fanns redan): 2025-08-31 12:00:00
2025-09-01 15:00:00,704 [INFO] ⏩ Skippad (fanns redan): 2025-08-31 13:00:00
2025-09-01 15:00:00,704 [INFO] ⏩ Skippad (fanns redan): 2025-08-31 14:00:00
2025-09-01 15:00:00,705 [INFO] ⏩ Skippad (fanns redan): 2025-08-31 15:00:00
2025-09-01 15:00:00,705 [INFO] ⏩ Skippad (fanns redan): 2025-08-31 16:00:00
2025-09-01 15:00:00,705 [INFO] ⏩ Skippad (fanns redan): 2025-08-31 17:00:00
2025-09-01 15:00:00,705 [INFO] ⏩ Skippad (fanns redan): 2025-08-31 18:00:00
2025-09-01 15:00:00,705 [INFO] ⏩ Skippad (fanns redan): 2025-08-31 19:00:00
2025-09-01 15:00:00,706 [INFO] ⏩ Skippad (fanns redan): 2025-08-31 20:00:00
2025-09-01 15:00:00,706 [INFO] ⏩ Skippad (fanns redan): 2025-08-31 21:00:00
2025-09-01 15:00:00,706 [INFO] ✅ 0 priser sparade.
2025-09-01 15:00:00,706 [INFO] ==> spotpris.py klar
2025-09-01 15:00:02,219 [INFO] ==> spotpris.py startade
2025-09-01 15:00:02,220 [INFO] Försöker hämta priser från: https://www.elprisetjustnu.se/api/v1/prices/2025/09-01_SE3.json
2025-09-01 15:00:02,276 [INFO] Dagens priser hämtade framgångsrikt: [{'SEK_per_kWh': 0.50702, 'EUR_per_kWh': 0.04586, 'EXR': 11.055806, 'time_start': '2025-09-01T00:00:00+02:00', 'time_end': '2025-09-01T01:00:00+02:00'}, {'SEK_per_kWh': 0.49784, 'EUR_per_kWh': 0.04503, 'EXR': 11.055806, 'time_start': '2025-09-01T01:00:00+02:00', 'time_end': '2025-09-01T02:00:00+02:00'}] ...
2025-09-01 15:00:02,277 [INFO] ⏩ Skippad (fanns redan): 2025-09-01 00:00:00
2025-09-01 15:00:02,277 [INFO] ⏩ Skippad (fanns redan): 2025-09-01 01:00:00
2025-09-01 15:00:02,278 [INFO] ⏩ Skippad (fanns redan): 2025-09-01 02:00:00
2025-09-01 15:00:02,278 [INFO] ⏩ Skippad (fanns redan): 2025-09-01 03:00:00
2025-09-01 15:00:02,278 [INFO] ⏩ Skippad (fanns redan): 2025-09-01 04:00:00
2025-09-01 15:00:02,278 [INFO] ⏩ Skippad (fanns redan): 2025-09-01 05:00:00
2025-09-01 15:00:02,279 [INFO] ⏩ Skippad (fanns redan): 2025-09-01 06:00:00
2025-09-01 15:00:02,279 [INFO] ⏩ Skippad (fanns redan): 2025-09-01 07:00:00
2025-09-01 15:00:02,282 [INFO] ⏩ Skippad (fanns redan): 2025-09-01 08:00:00
2025-09-01 15:00:02,283 [INFO] ⏩ Skippad (fanns redan): 2025-09-01 09:00:00
2025-09-01 15:00:02,283 [INFO] ⏩ Skippad (fanns redan): 2025-09-01 10:00:00
2025-09-01 15:00:02,283 [INFO] ⏩ Skippad (fanns redan): 2025-09-01 11:00:00
2025-09-01 15:00:02,283 [INFO] ⏩ Skippad (fanns redan): 2025-09-01 12:00:00
2025-09-01 15:00:02,283 [INFO] ⏩ Skippad (fanns redan): 2025-09-01 13:00:00
2025-09-01 15:00:02,284 [INFO] ⏩ Skippad (fanns redan): 2025-09-01 14:00:00
2025-09-01 15:00:02,284 [INFO] ⏩ Skippad (fanns redan): 2025-09-01 15:00:00
2025-09-01 15:00:02,284 [INFO] ⏩ Skippad (fanns redan): 2025-09-01 16:00:00
2025-09-01 15:00:02,284 [INFO] ⏩ Skippad (fanns redan): 2025-09-01 17:00:00
2025-09-01 15:00:02,284 [INFO] ⏩ Skippad (fanns redan): 2025-09-01 18:00:00
2025-09-01 15:00:02,284 [INFO] ⏩ Skippad (fanns redan): 2025-09-01 19:00:00
2025-09-01 15:00:02,285 [INFO] ⏩ Skippad (fanns redan): 2025-09-01 20:00:00
2025-09-01 15:00:02,285 [INFO] ⏩ Skippad (fanns redan): 2025-09-01 21:00:00
2025-09-01 15:00:02,285 [WARNING] 🔁 Försöker med gårdagens data istället: 2025-08-31 00:00:00
2025-09-01 15:00:02,285 [INFO] Försöker hämta priser från: https://www.elprisetjustnu.se/api/v1/prices/2025/08-31_SE3.json
2025-09-01 15:00:02,338 [INFO] Dagens priser hämtade framgångsrikt: [{'SEK_per_kWh': 0.6011, 'EUR_per_kWh': 0.05437, 'EXR': 11.055806, 'time_start': '2025-08-31T00:00:00+02:00', 'time_end': '2025-08-31T01:00:00+02:00'}, {'SEK_per_kWh': 0.56274, 'EUR_per_kWh': 0.0509, 'EXR': 11.055806, 'time_start': '2025-08-31T01:00:00+02:00', 'time_end': '2025-08-31T02:00:00+02:00'}] ...
2025-09-01 15:00:02,340 [INFO] ⏩ Skippad (fanns redan): 2025-08-31 00:00:00
2025-09-01 15:00:02,340 [INFO] ⏩ Skippad (fanns redan): 2025-08-31 01:00:00
2025-09-01 15:00:02,340 [INFO] ⏩ Skippad (fanns redan): 2025-08-31 02:00:00
2025-09-01 15:00:02,340 [INFO] ⏩ Skippad (fanns redan): 2025-08-31 03:00:00
2025-09-01 15:00:02,341 [INFO] ⏩ Skippad (fanns redan): 2025-08-31 04:00:00
2025-09-01 15:00:02,341 [INFO] ⏩ Skippad (fanns redan): 2025-08-31 05:00:00
2025-09-01 15:00:02,341 [INFO] ⏩ Skippad (fanns redan): 2025-08-31 06:00:00
2025-09-01 15:00:02,341 [INFO] ⏩ Skippad (fanns redan): 2025-08-31 07:00:00
2025-09-01 15:00:02,341 [INFO] ⏩ Skippad (fanns redan): 2025-08-31 08:00:00
2025-09-01 15:00:02,342 [INFO] ⏩ Skippad (fanns redan): 2025-08-31 09:00:00
2025-09-01 15:00:02,342 [INFO] ⏩ Skippad (fanns redan): 2025-08-31 10:00:00
2025-09-01 15:00:02,342 [INFO] ⏩ Skippad (fanns redan): 2025-08-31 11:00:00
2025-09-01 15:00:02,342 [INFO] ⏩ Skippad (fanns redan): 2025-08-31 12:00:00
2025-09-01 15:00:02,343 [INFO] ⏩ Skippad (fanns redan): 2025-08-31 13:00:00
2025-09-01 15:00:02,343 [INFO] ⏩ Skippad (fanns redan): 2025-08-31 14:00:00
2025-09-01 15:00:02,343 [INFO] ⏩ Skippad (fanns redan): 2025-08-31 15:00:00
2025-09-01 15:00:02,343 [INFO] ⏩ Skippad (fanns redan): 2025-08-31 16:00:00
2025-09-01 15:00:02,343 [INFO] ⏩ Skippad (fanns redan): 2025-08-31 17:00:00
2025-09-01 15:00:02,343 [INFO] ⏩ Skippad (fanns redan): 2025-08-31 18:00:00
2025-09-01 15:00:02,344 [INFO] ⏩ Skippad (fanns redan): 2025-08-31 19:00:00
2025-09-01 15:00:02,344 [INFO] ⏩ Skippad (fanns redan): 2025-08-31 20:00:00
2025-09-01 15:00:02,344 [INFO] ⏩ Skippad (fanns redan): 2025-08-31 21:00:00
2025-09-01 15:00:02,344 [INFO] ✅ 0 priser sparade.
2025-09-01 15:00:02,344 [INFO] ==> spotpris.py klar
2025-09-01 16:00:01,043 [INFO] ==> spotpris.py startade
2025-09-01 16:00:01,044 [INFO] Försöker hämta priser från: https://www.elprisetjustnu.se/api/v1/prices/2025/09-01_SE3.json
2025-09-01 16:00:01,109 [INFO] Dagens priser hämtade framgångsrikt: [{'SEK_per_kWh': 0.50702, 'EUR_per_kWh': 0.04586, 'EXR': 11.055806, 'time_start': '2025-09-01T00:00:00+02:00', 'time_end': '2025-09-01T01:00:00+02:00'}, {'SEK_per_kWh': 0.49784, 'EUR_per_kWh': 0.04503, 'EXR': 11.055806, 'time_start': '2025-09-01T01:00:00+02:00', 'time_end': '2025-09-01T02:00:00+02:00'}] ...
2025-09-01 16:00:01,110 [INFO] ⏩ Skippad (fanns redan): 2025-09-01 00:00:00
2025-09-01 16:00:01,111 [INFO] ⏩ Skippad (fanns redan): 2025-09-01 01:00:00
2025-09-01 16:00:01,111 [INFO] ⏩ Skippad (fanns redan): 2025-09-01 02:00:00
2025-09-01 16:00:01,111 [INFO] ⏩ Skippad (fanns redan): 2025-09-01 03:00:00
2025-09-01 16:00:01,111 [INFO] ⏩ Skippad (fanns redan): 2025-09-01 04:00:00
2025-09-01 16:00:01,111 [INFO] ⏩ Skippad (fanns redan): 2025-09-01 05:00:00
2025-09-01 16:00:01,111 [INFO] ⏩ Skippad (fanns redan): 2025-09-01 06:00:00
2025-09-01 16:00:01,112 [INFO] ⏩ Skippad (fanns redan): 2025-09-01 07:00:00
2025-09-01 16:00:01,112 [INFO] ⏩ Skippad (fanns redan): 2025-09-01 08:00:00
2025-09-01 16:00:01,112 [INFO] ⏩ Skippad (fanns redan): 2025-09-01 09:00:00
2025-09-01 16:00:01,112 [INFO] ⏩ Skippad (fanns redan): 2025-09-01 10:00:00
2025-09-01 16:00:01,112 [INFO] ⏩ Skippad (fanns redan): 2025-09-01 11:00:00
2025-09-01 16:00:01,112 [INFO] ⏩ Skippad (fanns redan): 2025-09-01 12:00:00
2025-09-01 16:00:01,113 [INFO] ⏩ Skippad (fanns redan): 2025-09-01 13:00:00
2025-09-01 16:00:01,113 [INFO] ⏩ Skippad (fanns redan): 2025-09-01 14:00:00
2025-09-01 16:00:01,113 [INFO] ⏩ Skippad (fanns redan): 2025-09-01 15:00:00
2025-09-01 16:00:01,113 [INFO] ⏩ Skippad (fanns redan): 2025-09-01 16:00:00
2025-09-01 16:00:01,113 [INFO] ⏩ Skippad (fanns redan): 2025-09-01 17:00:00
2025-09-01 16:00:01,113 [INFO] ⏩ Skippad (fanns redan): 2025-09-01 18:00:00
2025-09-01 16:00:01,113 [INFO] ⏩ Skippad (fanns redan): 2025-09-01 19:00:00
2025-09-01 16:00:01,114 [INFO] ⏩ Skippad (fanns redan): 2025-09-01 20:00:00
2025-09-01 16:00:01,114 [INFO] ⏩ Skippad (fanns redan): 2025-09-01 21:00:00
2025-09-01 16:00:01,114 [WARNING] 🔁 Försöker med gårdagens data istället: 2025-08-31 00:00:00
2025-09-01 16:00:01,114 [INFO] Försöker hämta priser från: https://www.elprisetjustnu.se/api/v1/prices/2025/08-31_SE3.json
2025-09-01 16:00:01,163 [INFO] Dagens priser hämtade framgångsrikt: [{'SEK_per_kWh': 0.6011, 'EUR_per_kWh': 0.05437, 'EXR': 11.055806, 'time_start': '2025-08-31T00:00:00+02:00', 'time_end': '2025-08-31T01:00:00+02:00'}, {'SEK_per_kWh': 0.56274, 'EUR_per_kWh': 0.0509, 'EXR': 11.055806, 'time_start': '2025-08-31T01:00:00+02:00', 'time_end': '2025-08-31T02:00:00+02:00'}] ...
2025-09-01 16:00:01,164 [INFO] ⏩ Skippad (fanns redan): 2025-08-31 00:00:00
2025-09-01 16:00:01,164 [INFO] ⏩ Skippad (fanns redan): 2025-08-31 01:00:00
2025-09-01 16:00:01,164 [INFO] ⏩ Skippad (fanns redan): 2025-08-31 02:00:00
2025-09-01 16:00:01,164 [INFO] ⏩ Skippad (fanns redan): 2025-08-31 03:00:00
2025-09-01 16:00:01,165 [INFO] ⏩ Skippad (fanns redan): 2025-08-31 04:00:00
2025-09-01 16:00:01,165 [INFO] ⏩ Skippad (fanns redan): 2025-08-31 05:00:00
2025-09-01 16:00:01,165 [INFO] ⏩ Skippad (fanns redan): 2025-08-31 06:00:00
2025-09-01 16:00:01,165 [INFO] ⏩ Skippad (fanns redan): 2025-08-31 07:00:00
2025-09-01 16:00:01,165 [INFO] ⏩ Skippad (fanns redan): 2025-08-31 08:00:00
2025-09-01 16:00:01,165 [INFO] ⏩ Skippad (fanns redan): 2025-08-31 09:00:00
2025-09-01 16:00:01,165 [INFO] ⏩ Skippad (fanns redan): 2025-08-31 10:00:00
2025-09-01 16:00:01,166 [INFO] ⏩ Skippad (fanns redan): 2025-08-31 11:00:00
2025-09-01 16:00:01,166 [INFO] ⏩ Skippad (fanns redan): 2025-08-31 12:00:00
2025-09-01 16:00:01,166 [INFO] ⏩ Skippad (fanns redan): 2025-08-31 13:00:00
2025-09-01 16:00:01,166 [INFO] ⏩ Skippad (fanns redan): 2025-08-31 14:00:00
2025-09-01 16:00:01,166 [INFO] ⏩ Skippad (fanns redan): 2025-08-31 15:00:00
2025-09-01 16:00:01,166 [INFO] ⏩ Skippad (fanns redan): 2025-08-31 16:00:00
2025-09-01 16:00:01,166 [INFO] ⏩ Skippad (fanns redan): 2025-08-31 17:00:00
2025-09-01 16:00:01,167 [INFO] ⏩ Skippad (fanns redan): 2025-08-31 18:00:00
2025-09-01 16:00:01,167 [INFO] ⏩ Skippad (fanns redan): 2025-08-31 19:00:00
2025-09-01 16:00:01,167 [INFO] ⏩ Skippad (fanns redan): 2025-08-31 20:00:00
2025-09-01 16:00:01,167 [INFO] ⏩ Skippad (fanns redan): 2025-08-31 21:00:00
2025-09-01 16:00:01,167 [INFO] ✅ 0 priser sparade.
2025-09-01 16:00:01,167 [INFO] ==> spotpris.py klar
2025-09-01 16:00:01,906 [INFO] ==> spotpris.py startade
2025-09-01 16:00:01,907 [INFO] Försöker hämta priser från: https://www.elprisetjustnu.se/api/v1/prices/2025/09-01_SE3.json
2025-09-01 16:00:01,965 [INFO] Dagens priser hämtade framgångsrikt: [{'SEK_per_kWh': 0.50702, 'EUR_per_kWh': 0.04586, 'EXR': 11.055806, 'time_start': '2025-09-01T00:00:00+02:00', 'time_end': '2025-09-01T01:00:00+02:00'}, {'SEK_per_kWh': 0.49784, 'EUR_per_kWh': 0.04503, 'EXR': 11.055806, 'time_start': '2025-09-01T01:00:00+02:00', 'time_end': '2025-09-01T02:00:00+02:00'}] ...
2025-09-01 16:00:01,968 [INFO] ⏩ Skippad (fanns redan): 2025-09-01 00:00:00
2025-09-01 16:00:01,969 [INFO] ⏩ Skippad (fanns redan): 2025-09-01 01:00:00
2025-09-01 16:00:01,969 [INFO] ⏩ Skippad (fanns redan): 2025-09-01 02:00:00
2025-09-01 16:00:01,969 [INFO] ⏩ Skippad (fanns redan): 2025-09-01 03:00:00
2025-09-01 16:00:01,970 [INFO] ⏩ Skippad (fanns redan): 2025-09-01 04:00:00
2025-09-01 16:00:01,970 [INFO] ⏩ Skippad (fanns redan): 2025-09-01 05:00:00
2025-09-01 16:00:01,971 [INFO] ⏩ Skippad (fanns redan): 2025-09-01 06:00:00
2025-09-01 16:00:01,971 [INFO] ⏩ Skippad (fanns redan): 2025-09-01 07:00:00
2025-09-01 16:00:01,971 [INFO] ⏩ Skippad (fanns redan): 2025-09-01 08:00:00
2025-09-01 16:00:01,972 [INFO] ⏩ Skippad (fanns redan): 2025-09-01 09:00:00
2025-09-01 16:00:01,972 [INFO] ⏩ Skippad (fanns redan): 2025-09-01 10:00:00
2025-09-01 16:00:01,972 [INFO] ⏩ Skippad (fanns redan): 2025-09-01 11:00:00
2025-09-01 16:00:01,973 [INFO] ⏩ Skippad (fanns redan): 2025-09-01 12:00:00
2025-09-01 16:00:01,973 [INFO] ⏩ Skippad (fanns redan): 2025-09-01 13:00:00
2025-09-01 16:00:01,973 [INFO] ⏩ Skippad (fanns redan): 2025-09-01 14:00:00
2025-09-01 16:00:01,974 [INFO] ⏩ Skippad (fanns redan): 2025-09-01 15:00:00
2025-09-01 16:00:01,974 [INFO] ⏩ Skippad (fanns redan): 2025-09-01 16:00:00
2025-09-01 16:00:01,975 [INFO] ⏩ Skippad (fanns redan): 2025-09-01 17:00:00
2025-09-01 16:00:01,975 [INFO] ⏩ Skippad (fanns redan): 2025-09-01 18:00:00
2025-09-01 16:00:01,975 [INFO] ⏩ Skippad (fanns redan): 2025-09-01 19:00:00
2025-09-01 16:00:01,976 [INFO] ⏩ Skippad (fanns redan): 2025-09-01 20:00:00
2025-09-01 16:00:01,976 [INFO] ⏩ Skippad (fanns redan): 2025-09-01 21:00:00
2025-09-01 16:00:01,976 [WARNING] 🔁 Försöker med gårdagens data istället: 2025-08-31 00:00:00
2025-09-01 16:00:01,976 [INFO] Försöker hämta priser från: https://www.elprisetjustnu.se/api/v1/prices/2025/08-31_SE3.json
2025-09-01 16:00:02,027 [INFO] Dagens priser hämtade framgångsrikt: [{'SEK_per_kWh': 0.6011, 'EUR_per_kWh': 0.05437, 'EXR': 11.055806, 'time_start': '2025-08-31T00:00:00+02:00', 'time_end': '2025-08-31T01:00:00+02:00'}, {'SEK_per_kWh': 0.56274, 'EUR_per_kWh': 0.0509, 'EXR': 11.055806, 'time_start': '2025-08-31T01:00:00+02:00', 'time_end': '2025-08-31T02:00:00+02:00'}] ...
2025-09-01 16:00:02,034 [INFO] ⏩ Skippad (fanns redan): 2025-08-31 00:00:00
2025-09-01 16:00:02,035 [INFO] ⏩ Skippad (fanns redan): 2025-08-31 01:00:00
2025-09-01 16:00:02,035 [INFO] ⏩ Skippad (fanns redan): 2025-08-31 02:00:00
2025-09-01 16:00:02,036 [INFO] ⏩ Skippad (fanns redan): 2025-08-31 03:00:00
2025-09-01 16:00:02,036 [INFO] ⏩ Skippad (fanns redan): 2025-08-31 04:00:00
2025-09-01 16:00:02,037 [INFO] ⏩ Skippad (fanns redan): 2025-08-31 05:00:00
2025-09-01 16:00:02,037 [INFO] ⏩ Skippad (fanns redan): 2025-08-31 06:00:00
2025-09-01 16:00:02,038 [INFO] ⏩ Skippad (fanns redan): 2025-08-31 07:00:00
2025-09-01 16:00:02,038 [INFO] ⏩ Skippad (fanns redan): 2025-08-31 08:00:00
2025-09-01 16:00:02,039 [INFO] ⏩ Skippad (fanns redan): 2025-08-31 09:00:00
2025-09-01 16:00:02,040 [INFO] ⏩ Skippad (fanns redan): 2025-08-31 10:00:00
2025-09-01 16:00:02,040 [INFO] ⏩ Skippad (fanns redan): 2025-08-31 11:00:00
2025-09-01 16:00:02,041 [INFO] ⏩ Skippad (fanns redan): 2025-08-31 12:00:00
2025-09-01 16:00:02,041 [INFO] ⏩ Skippad (fanns redan): 2025-08-31 13:00:00
2025-09-01 16:00:02,042 [INFO] ⏩ Skippad (fanns redan): 2025-08-31 14:00:00
2025-09-01 16:00:02,043 [INFO] ⏩ Skippad (fanns redan): 2025-08-31 15:00:00
2025-09-01 16:00:02,043 [INFO] ⏩ Skippad (fanns redan): 2025-08-31 16:00:00
2025-09-01 16:00:02,043 [INFO] ⏩ Skippad (fanns redan): 2025-08-31 17:00:00
2025-09-01 16:00:02,044 [INFO] ⏩ Skippad (fanns redan): 2025-08-31 18:00:00
2025-09-01 16:00:02,044 [INFO] ⏩ Skippad (fanns redan): 2025-08-31 19:00:00
2025-09-01 16:00:02,044 [INFO] ⏩ Skippad (fanns redan): 2025-08-31 20:00:00
2025-09-01 16:00:02,045 [INFO] ⏩ Skippad (fanns redan): 2025-08-31 21:00:00
2025-09-01 16:00:02,045 [INFO] ✅ 0 priser sparade.
2025-09-01 16:00:02,045 [INFO] ==> spotpris.py klar
2025-09-01 17:00:01,269 [INFO] ==> spotpris.py startade
2025-09-01 17:00:01,270 [INFO] Försöker hämta priser från: https://www.elprisetjustnu.se/api/v1/prices/2025/09-01_SE3.json
2025-09-01 17:00:01,326 [INFO] Dagens priser hämtade framgångsrikt: [{'SEK_per_kWh': 0.50702, 'EUR_per_kWh': 0.04586, 'EXR': 11.055806, 'time_start': '2025-09-01T00:00:00+02:00', 'time_end': '2025-09-01T01:00:00+02:00'}, {'SEK_per_kWh': 0.49784, 'EUR_per_kWh': 0.04503, 'EXR': 11.055806, 'time_start': '2025-09-01T01:00:00+02:00', 'time_end': '2025-09-01T02:00:00+02:00'}] ...
2025-09-01 17:00:01,327 [INFO] ⏩ Skippad (fanns redan): 2025-09-01 00:00:00
2025-09-01 17:00:01,328 [INFO] ⏩ Skippad (fanns redan): 2025-09-01 01:00:00
2025-09-01 17:00:01,328 [INFO] ⏩ Skippad (fanns redan): 2025-09-01 02:00:00
2025-09-01 17:00:01,328 [INFO] ⏩ Skippad (fanns redan): 2025-09-01 03:00:00
2025-09-01 17:00:01,328 [INFO] ⏩ Skippad (fanns redan): 2025-09-01 04:00:00
2025-09-01 17:00:01,329 [INFO] ⏩ Skippad (fanns redan): 2025-09-01 05:00:00
2025-09-01 17:00:01,329 [INFO] ⏩ Skippad (fanns redan): 2025-09-01 06:00:00
2025-09-01 17:00:01,329 [INFO] ⏩ Skippad (fanns redan): 2025-09-01 07:00:00
2025-09-01 17:00:01,329 [INFO] ⏩ Skippad (fanns redan): 2025-09-01 08:00:00
2025-09-01 17:00:01,329 [INFO] ⏩ Skippad (fanns redan): 2025-09-01 09:00:00
2025-09-01 17:00:01,329 [INFO] ⏩ Skippad (fanns redan): 2025-09-01 10:00:00
2025-09-01 17:00:01,329 [INFO] ⏩ Skippad (fanns redan): 2025-09-01 11:00:00
2025-09-01 17:00:01,330 [INFO] ⏩ Skippad (fanns redan): 2025-09-01 12:00:00
2025-09-01 17:00:01,330 [INFO] ⏩ Skippad (fanns redan): 2025-09-01 13:00:00
2025-09-01 17:00:01,330 [INFO] ⏩ Skippad (fanns redan): 2025-09-01 14:00:00
2025-09-01 17:00:01,330 [INFO] ⏩ Skippad (fanns redan): 2025-09-01 15:00:00
2025-09-01 17:00:01,330 [INFO] ⏩ Skippad (fanns redan): 2025-09-01 16:00:00
2025-09-01 17:00:01,330 [INFO] ⏩ Skippad (fanns redan): 2025-09-01 17:00:00
2025-09-01 17:00:01,331 [INFO] ⏩ Skippad (fanns redan): 2025-09-01 18:00:00
2025-09-01 17:00:01,331 [INFO] ⏩ Skippad (fanns redan): 2025-09-01 19:00:00
2025-09-01 17:00:01,331 [INFO] ⏩ Skippad (fanns redan): 2025-09-01 20:00:00
2025-09-01 17:00:01,331 [INFO] ⏩ Skippad (fanns redan): 2025-09-01 21:00:00
2025-09-01 17:00:01,331 [WARNING] 🔁 Försöker med gårdagens data istället: 2025-08-31 00:00:00
2025-09-01 17:00:01,331 [INFO] Försöker hämta priser från: https://www.elprisetjustnu.se/api/v1/prices/2025/08-31_SE3.json
2025-09-01 17:00:01,380 [INFO] Dagens priser hämtade framgångsrikt: [{'SEK_per_kWh': 0.6011, 'EUR_per_kWh': 0.05437, 'EXR': 11.055806, 'time_start': '2025-08-31T00:00:00+02:00', 'time_end': '2025-08-31T01:00:00+02:00'}, {'SEK_per_kWh': 0.56274, 'EUR_per_kWh': 0.0509, 'EXR': 11.055806, 'time_start': '2025-08-31T01:00:00+02:00', 'time_end': '2025-08-31T02:00:00+02:00'}] ...
2025-09-01 17:00:01,381 [INFO] ⏩ Skippad (fanns redan): 2025-08-31 00:00:00
2025-09-01 17:00:01,382 [INFO] ⏩ Skippad (fanns redan): 2025-08-31 01:00:00
2025-09-01 17:00:01,382 [INFO] ⏩ Skippad (fanns redan): 2025-08-31 02:00:00
2025-09-01 17:00:01,382 [INFO] ⏩ Skippad (fanns redan): 2025-08-31 03:00:00
2025-09-01 17:00:01,382 [INFO] ⏩ Skippad (fanns redan): 2025-08-31 04:00:00
2025-09-01 17:00:01,382 [INFO] ⏩ Skippad (fanns redan): 2025-08-31 05:00:00
2025-09-01 17:00:01,382 [INFO] ⏩ Skippad (fanns redan): 2025-08-31 06:00:00
2025-09-01 17:00:01,382 [INFO] ⏩ Skippad (fanns redan): 2025-08-31 07:00:00
2025-09-01 17:00:01,383 [INFO] ⏩ Skippad (fanns redan): 2025-08-31 08:00:00
2025-09-01 17:00:01,383 [INFO] ⏩ Skippad (fanns redan): 2025-08-31 09:00:00
2025-09-01 17:00:01,383 [INFO] ⏩ Skippad (fanns redan): 2025-08-31 10:00:00
2025-09-01 17:00:01,383 [INFO] ⏩ Skippad (fanns redan): 2025-08-31 11:00:00
2025-09-01 17:00:01,383 [INFO] ⏩ Skippad (fanns redan): 2025-08-31 12:00:00
2025-09-01 17:00:01,383 [INFO] ⏩ Skippad (fanns redan): 2025-08-31 13:00:00
2025-09-01 17:00:01,383 [INFO] ⏩ Skippad (fanns redan): 2025-08-31 14:00:00
2025-09-01 17:00:01,384 [INFO] ⏩ Skippad (fanns redan): 2025-08-31 15:00:00
2025-09-01 17:00:01,384 [INFO] ⏩ Skippad (fanns redan): 2025-08-31 16:00:00
2025-09-01 17:00:01,384 [INFO] ⏩ Skippad (fanns redan): 2025-08-31 17:00:00
2025-09-01 17:00:01,384 [INFO] ⏩ Skippad (fanns redan): 2025-08-31 18:00:00
2025-09-01 17:00:01,384 [INFO] ⏩ Skippad (fanns redan): 2025-08-31 19:00:00
2025-09-01 17:00:01,384 [INFO] ⏩ Skippad (fanns redan): 2025-08-31 20:00:00
2025-09-01 17:00:01,384 [INFO] ⏩ Skippad (fanns redan): 2025-08-31 21:00:00
2025-09-01 17:00:01,385 [INFO] ✅ 0 priser sparade.
2025-09-01 17:00:01,385 [INFO] ==> spotpris.py klar
2025-09-01 17:00:02,796 [INFO] ==> spotpris.py startade
2025-09-01 17:00:02,797 [INFO] Försöker hämta priser från: https://www.elprisetjustnu.se/api/v1/prices/2025/09-01_SE3.json
2025-09-01 17:00:02,844 [INFO] Dagens priser hämtade framgångsrikt: [{'SEK_per_kWh': 0.50702, 'EUR_per_kWh': 0.04586, 'EXR': 11.055806, 'time_start': '2025-09-01T00:00:00+02:00', 'time_end': '2025-09-01T01:00:00+02:00'}, {'SEK_per_kWh': 0.49784, 'EUR_per_kWh': 0.04503, 'EXR': 11.055806, 'time_start': '2025-09-01T01:00:00+02:00', 'time_end': '2025-09-01T02:00:00+02:00'}] ...
2025-09-01 17:00:02,846 [INFO] ⏩ Skippad (fanns redan): 2025-09-01 00:00:00
2025-09-01 17:00:02,846 [INFO] ⏩ Skippad (fanns redan): 2025-09-01 01:00:00
2025-09-01 17:00:02,849 [INFO] ⏩ Skippad (fanns redan): 2025-09-01 02:00:00
2025-09-01 17:00:02,849 [INFO] ⏩ Skippad (fanns redan): 2025-09-01 03:00:00
2025-09-01 17:00:02,849 [INFO] ⏩ Skippad (fanns redan): 2025-09-01 04:00:00
2025-09-01 17:00:02,850 [INFO] ⏩ Skippad (fanns redan): 2025-09-01 05:00:00
2025-09-01 17:00:02,850 [INFO] ⏩ Skippad (fanns redan): 2025-09-01 06:00:00
2025-09-01 17:00:02,850 [INFO] ⏩ Skippad (fanns redan): 2025-09-01 07:00:00
2025-09-01 17:00:02,850 [INFO] ⏩ Skippad (fanns redan): 2025-09-01 08:00:00
2025-09-01 17:00:02,850 [INFO] ⏩ Skippad (fanns redan): 2025-09-01 09:00:00
2025-09-01 17:00:02,850 [INFO] ⏩ Skippad (fanns redan): 2025-09-01 10:00:00
2025-09-01 17:00:02,851 [INFO] ⏩ Skippad (fanns redan): 2025-09-01 11:00:00
2025-09-01 17:00:02,851 [INFO] ⏩ Skippad (fanns redan): 2025-09-01 12:00:00
2025-09-01 17:00:02,851 [INFO] ⏩ Skippad (fanns redan): 2025-09-01 13:00:00
2025-09-01 17:00:02,851 [INFO] ⏩ Skippad (fanns redan): 2025-09-01 14:00:00
2025-09-01 17:00:02,851 [INFO] ⏩ Skippad (fanns redan): 2025-09-01 15:00:00
2025-09-01 17:00:02,851 [INFO] ⏩ Skippad (fanns redan): 2025-09-01 16:00:00
2025-09-01 17:00:02,851 [INFO] ⏩ Skippad (fanns redan): 2025-09-01 17:00:00
2025-09-01 17:00:02,851 [INFO] ⏩ Skippad (fanns redan): 2025-09-01 18:00:00
2025-09-01 17:00:02,852 [INFO] ⏩ Skippad (fanns redan): 2025-09-01 19:00:00
2025-09-01 17:00:02,852 [INFO] ⏩ Skippad (fanns redan): 2025-09-01 20:00:00
2025-09-01 17:00:02,852 [INFO] ⏩ Skippad (fanns redan): 2025-09-01 21:00:00
2025-09-01 17:00:02,852 [WARNING] 🔁 Försöker med gårdagens data istället: 2025-08-31 00:00:00
2025-09-01 17:00:02,852 [INFO] Försöker hämta priser från: https://www.elprisetjustnu.se/api/v1/prices/2025/08-31_SE3.json
2025-09-01 17:00:02,902 [INFO] Dagens priser hämtade framgångsrikt: [{'SEK_per_kWh': 0.6011, 'EUR_per_kWh': 0.05437, 'EXR': 11.055806, 'time_start': '2025-08-31T00:00:00+02:00', 'time_end': '2025-08-31T01:00:00+02:00'}, {'SEK_per_kWh': 0.56274, 'EUR_per_kWh': 0.0509, 'EXR': 11.055806, 'time_start': '2025-08-31T01:00:00+02:00', 'time_end': '2025-08-31T02:00:00+02:00'}] ...
2025-09-01 17:00:02,904 [INFO] ⏩ Skippad (fanns redan): 2025-08-31 00:00:00
2025-09-01 17:00:02,904 [INFO] ⏩ Skippad (fanns redan): 2025-08-31 01:00:00
2025-09-01 17:00:02,904 [INFO] ⏩ Skippad (fanns redan): 2025-08-31 02:00:00
2025-09-01 17:00:02,905 [INFO] ⏩ Skippad (fanns redan): 2025-08-31 03:00:00
2025-09-01 17:00:02,905 [INFO] ⏩ Skippad (fanns redan): 2025-08-31 04:00:00
2025-09-01 17:00:02,905 [INFO] ⏩ Skippad (fanns redan): 2025-08-31 05:00:00
2025-09-01 17:00:02,905 [INFO] ⏩ Skippad (fanns redan): 2025-08-31 06:00:00
2025-09-01 17:00:02,905 [INFO] ⏩ Skippad (fanns redan): 2025-08-31 07:00:00
2025-09-01 17:00:02,906 [INFO] ⏩ Skippad (fanns redan): 2025-08-31 08:00:00
2025-09-01 17:00:02,906 [INFO] ⏩ Skippad (fanns redan): 2025-08-31 09:00:00
2025-09-01 17:00:02,906 [INFO] ⏩ Skippad (fanns redan): 2025-08-31 10:00:00
2025-09-01 17:00:02,906 [INFO] ⏩ Skippad (fanns redan): 2025-08-31 11:00:00
2025-09-01 17:00:02,906 [INFO] ⏩ Skippad (fanns redan): 2025-08-31 12:00:00
2025-09-01 17:00:02,906 [INFO] ⏩ Skippad (fanns redan): 2025-08-31 13:00:00
2025-09-01 17:00:02,907 [INFO] ⏩ Skippad (fanns redan): 2025-08-31 14:00:00
2025-09-01 17:00:02,907 [INFO] ⏩ Skippad (fanns redan): 2025-08-31 15:00:00
2025-09-01 17:00:02,907 [INFO] ⏩ Skippad (fanns redan): 2025-08-31 16:00:00
2025-09-01 17:00:02,907 [INFO] ⏩ Skippad (fanns redan): 2025-08-31 17:00:00
2025-09-01 17:00:02,907 [INFO] ⏩ Skippad (fanns redan): 2025-08-31 18:00:00
2025-09-01 17:00:02,907 [INFO] ⏩ Skippad (fanns redan): 2025-08-31 19:00:00
2025-09-01 17:00:02,908 [INFO] ⏩ Skippad (fanns redan): 2025-08-31 20:00:00
2025-09-01 17:00:02,908 [INFO] ⏩ Skippad (fanns redan): 2025-08-31 21:00:00
2025-09-01 17:00:02,908 [INFO] ✅ 0 priser sparade.
2025-09-01 17:00:02,908 [INFO] ==> spotpris.py klar
2025-09-01 18:00:01,609 [INFO] ==> spotpris.py startade
2025-09-01 18:00:01,610 [INFO] Försöker hämta priser från: https://www.elprisetjustnu.se/api/v1/prices/2025/09-01_SE3.json
2025-09-01 18:00:01,666 [INFO] Dagens priser hämtade framgångsrikt: [{'SEK_per_kWh': 0.50702, 'EUR_per_kWh': 0.04586, 'EXR': 11.055806, 'time_start': '2025-09-01T00:00:00+02:00', 'time_end': '2025-09-01T01:00:00+02:00'}, {'SEK_per_kWh': 0.49784, 'EUR_per_kWh': 0.04503, 'EXR': 11.055806, 'time_start': '2025-09-01T01:00:00+02:00', 'time_end': '2025-09-01T02:00:00+02:00'}] ...
2025-09-01 18:00:01,668 [INFO] ⏩ Skippad (fanns redan): 2025-09-01 00:00:00
2025-09-01 18:00:01,668 [INFO] ⏩ Skippad (fanns redan): 2025-09-01 01:00:00
2025-09-01 18:00:01,668 [INFO] ⏩ Skippad (fanns redan): 2025-09-01 02:00:00
2025-09-01 18:00:01,668 [INFO] ⏩ Skippad (fanns redan): 2025-09-01 03:00:00
2025-09-01 18:00:01,669 [INFO] ⏩ Skippad (fanns redan): 2025-09-01 04:00:00
2025-09-01 18:00:01,669 [INFO] ⏩ Skippad (fanns redan): 2025-09-01 05:00:00
2025-09-01 18:00:01,669 [INFO] ⏩ Skippad (fanns redan): 2025-09-01 06:00:00
2025-09-01 18:00:01,669 [INFO] ⏩ Skippad (fanns redan): 2025-09-01 07:00:00
2025-09-01 18:00:01,669 [INFO] ⏩ Skippad (fanns redan): 2025-09-01 08:00:00
2025-09-01 18:00:01,669 [INFO] ⏩ Skippad (fanns redan): 2025-09-01 09:00:00
2025-09-01 18:00:01,670 [INFO] ⏩ Skippad (fanns redan): 2025-09-01 10:00:00
2025-09-01 18:00:01,670 [INFO] ⏩ Skippad (fanns redan): 2025-09-01 11:00:00
2025-09-01 18:00:01,670 [INFO] ⏩ Skippad (fanns redan): 2025-09-01 12:00:00
2025-09-01 18:00:01,670 [INFO] ⏩ Skippad (fanns redan): 2025-09-01 13:00:00
2025-09-01 18:00:01,670 [INFO] ⏩ Skippad (fanns redan): 2025-09-01 14:00:00
2025-09-01 18:00:01,670 [INFO] ⏩ Skippad (fanns redan): 2025-09-01 15:00:00
2025-09-01 18:00:01,670 [INFO] ⏩ Skippad (fanns redan): 2025-09-01 16:00:00
2025-09-01 18:00:01,671 [INFO] ⏩ Skippad (fanns redan): 2025-09-01 17:00:00
2025-09-01 18:00:01,671 [INFO] ⏩ Skippad (fanns redan): 2025-09-01 18:00:00
2025-09-01 18:00:01,671 [INFO] ⏩ Skippad (fanns redan): 2025-09-01 19:00:00
2025-09-01 18:00:01,671 [INFO] ⏩ Skippad (fanns redan): 2025-09-01 20:00:00
2025-09-01 18:00:01,671 [INFO] ⏩ Skippad (fanns redan): 2025-09-01 21:00:00
2025-09-01 18:00:01,671 [WARNING] 🔁 Försöker med gårdagens data istället: 2025-08-31 00:00:00
2025-09-01 18:00:01,671 [INFO] Försöker hämta priser från: https://www.elprisetjustnu.se/api/v1/prices/2025/08-31_SE3.json
2025-09-01 18:00:01,722 [INFO] Dagens priser hämtade framgångsrikt: [{'SEK_per_kWh': 0.6011, 'EUR_per_kWh': 0.05437, 'EXR': 11.055806, 'time_start': '2025-08-31T00:00:00+02:00', 'time_end': '2025-08-31T01:00:00+02:00'}, {'SEK_per_kWh': 0.56274, 'EUR_per_kWh': 0.0509, 'EXR': 11.055806, 'time_start': '2025-08-31T01:00:00+02:00', 'time_end': '2025-08-31T02:00:00+02:00'}] ...
2025-09-01 18:00:01,723 [INFO] ⏩ Skippad (fanns redan): 2025-08-31 00:00:00
2025-09-01 18:00:01,723 [INFO] ⏩ Skippad (fanns redan): 2025-08-31 01:00:00
2025-09-01 18:00:01,723 [INFO] ⏩ Skippad (fanns redan): 2025-08-31 02:00:00
2025-09-01 18:00:01,724 [INFO] ⏩ Skippad (fanns redan): 2025-08-31 03:00:00
2025-09-01 18:00:01,724 [INFO] ⏩ Skippad (fanns redan): 2025-08-31 04:00:00
2025-09-01 18:00:01,724 [INFO] ⏩ Skippad (fanns redan): 2025-08-31 05:00:00
2025-09-01 18:00:01,724 [INFO] ⏩ Skippad (fanns redan): 2025-08-31 06:00:00
2025-09-01 18:00:01,724 [INFO] ⏩ Skippad (fanns redan): 2025-08-31 07:00:00
2025-09-01 18:00:01,724 [INFO] ⏩ Skippad (fanns redan): 2025-08-31 08:00:00
2025-09-01 18:00:01,724 [INFO] ⏩ Skippad (fanns redan): 2025-08-31 09:00:00
2025-09-01 18:00:01,725 [INFO] ⏩ Skippad (fanns redan): 2025-08-31 10:00:00
2025-09-01 18:00:01,725 [INFO] ⏩ Skippad (fanns redan): 2025-08-31 11:00:00
2025-09-01 18:00:01,725 [INFO] ⏩ Skippad (fanns redan): 2025-08-31 12:00:00
2025-09-01 18:00:01,725 [INFO] ⏩ Skippad (fanns redan): 2025-08-31 13:00:00
2025-09-01 18:00:01,725 [INFO] ⏩ Skippad (fanns redan): 2025-08-31 14:00:00
2025-09-01 18:00:01,725 [INFO] ⏩ Skippad (fanns redan): 2025-08-31 15:00:00
2025-09-01 18:00:01,725 [INFO] ⏩ Skippad (fanns redan): 2025-08-31 16:00:00
2025-09-01 18:00:01,726 [INFO] ⏩ Skippad (fanns redan): 2025-08-31 17:00:00
2025-09-01 18:00:01,726 [INFO] ⏩ Skippad (fanns redan): 2025-08-31 18:00:00
2025-09-01 18:00:01,726 [INFO] ⏩ Skippad (fanns redan): 2025-08-31 19:00:00
2025-09-01 18:00:01,726 [INFO] ⏩ Skippad (fanns redan): 2025-08-31 20:00:00
2025-09-01 18:00:01,726 [INFO] ⏩ Skippad (fanns redan): 2025-08-31 21:00:00
2025-09-01 18:00:01,726 [INFO] ✅ 0 priser sparade.
2025-09-01 18:00:01,726 [INFO] ==> spotpris.py klar
